     istep       time        |phi|^2       |apar|^2       |bpar|^2
---------------------------------------------------------------------
         0   0.0000E+000   2.4928E-007   0.0000E+000   0.0000E+000
        10   1.0000E+000   4.1747E-007   0.0000E+000   0.0000E+000
        20   2.0000E+000   4.7547E-007   0.0000E+000   0.0000E+000
        30   3.0000E+000   4.3769E-007   0.0000E+000   0.0000E+000
        40   4.0000E+000   4.9369E-007   0.0000E+000   0.0000E+000
        50   5.0000E+000   5.4919E-007   0.0000E+000   0.0000E+000
        60   6.0000E+000   5.9928E-007   0.0000E+000   0.0000E+000
        70   7.0000E+000   6.7882E-007   0.0000E+000   0.0000E+000
        80   8.0000E+000   7.8482E-007   0.0000E+000   0.0000E+000
        90   9.0000E+000   9.2208E-007   0.0000E+000   0.0000E+000
       100   1.0000E+001   1.1010E-006   0.0000E+000   0.0000E+000
       110   1.1000E+001   1.3250E-006   0.0000E+000   0.0000E+000
       120   1.2000E+001   1.6011E-006   0.0000E+000   0.0000E+000
       130   1.3000E+001   1.9392E-006   0.0000E+000   0.0000E+000
       140   1.4000E+001   2.3512E-006   0.0000E+000   0.0000E+000
       150   1.5000E+001   2.8510E-006   0.0000E+000   0.0000E+000
       160   1.6000E+001   3.4564E-006   0.0000E+000   0.0000E+000
       170   1.7000E+001   4.1909E-006   0.0000E+000   0.0000E+000
       180   1.8000E+001   5.0832E-006   0.0000E+000   0.0000E+000
       190   1.9000E+001   6.1676E-006   0.0000E+000   0.0000E+000
       200   2.0000E+001   7.4845E-006   0.0000E+000   0.0000E+000
       210   2.1000E+001   9.0842E-006   0.0000E+000   0.0000E+000
       220   2.2000E+001   1.1027E-005   0.0000E+000   0.0000E+000
       230   2.3000E+001   1.3386E-005   0.0000E+000   0.0000E+000
       240   2.4000E+001   1.6249E-005   0.0000E+000   0.0000E+000
       250   2.5000E+001   1.9721E-005   0.0000E+000   0.0000E+000
       260   2.6000E+001   2.3932E-005   0.0000E+000   0.0000E+000
       270   2.7000E+001   2.9037E-005   0.0000E+000   0.0000E+000
       280   2.8000E+001   3.5223E-005   0.0000E+000   0.0000E+000
       290   2.9000E+001   4.2721E-005   0.0000E+000   0.0000E+000
       300   3.0000E+001   5.1804E-005   0.0000E+000   0.0000E+000
       310   3.1000E+001   6.2808E-005   0.0000E+000   0.0000E+000
       320   3.2000E+001   7.6135E-005   0.0000E+000   0.0000E+000
       330   3.3000E+001   9.2272E-005   0.0000E+000   0.0000E+000
       340   3.4000E+001   1.1181E-004   0.0000E+000   0.0000E+000
       350   3.5000E+001   1.3545E-004   0.0000E+000   0.0000E+000
       360   3.6000E+001   1.6406E-004   0.0000E+000   0.0000E+000
       370   3.7000E+001   1.9868E-004   0.0000E+000   0.0000E+000
       380   3.8000E+001   2.4057E-004   0.0000E+000   0.0000E+000
       390   3.9000E+001   2.9123E-004   0.0000E+000   0.0000E+000
       400   4.0000E+001   3.5251E-004   0.0000E+000   0.0000E+000
       410   4.1000E+001   4.2661E-004   0.0000E+000   0.0000E+000
       420   4.2000E+001   5.1622E-004   0.0000E+000   0.0000E+000
       430   4.3000E+001   6.2457E-004   0.0000E+000   0.0000E+000
       440   4.4000E+001   7.5556E-004   0.0000E+000   0.0000E+000
       450   4.5000E+001   9.1391E-004   0.0000E+000   0.0000E+000
       460   4.6000E+001   1.1053E-003   0.0000E+000   0.0000E+000
       470   4.7000E+001   1.3367E-003   0.0000E+000   0.0000E+000
       480   4.8000E+001   1.6163E-003   0.0000E+000   0.0000E+000
       490   4.9000E+001   1.9543E-003   0.0000E+000   0.0000E+000
       500   5.0000E+001   2.3627E-003   0.0000E+000   0.0000E+000
       510   5.1000E+001   2.8562E-003   0.0000E+000   0.0000E+000
       520   5.2000E+001   3.4525E-003   0.0000E+000   0.0000E+000
       530   5.3000E+001   4.1731E-003   0.0000E+000   0.0000E+000
       540   5.4000E+001   5.0438E-003   0.0000E+000   0.0000E+000
       550   5.5000E+001   6.0957E-003   0.0000E+000   0.0000E+000
       560   5.6000E+001   7.3667E-003   0.0000E+000   0.0000E+000
       570   5.7000E+001   8.9022E-003   0.0000E+000   0.0000E+000
       580   5.8000E+001   1.0757E-002   0.0000E+000   0.0000E+000
       590   5.9000E+001   1.2998E-002   0.0000E+000   0.0000E+000
       600   6.0000E+001   1.5706E-002   0.0000E+000   0.0000E+000
       610   6.1000E+001   1.8976E-002   0.0000E+000   0.0000E+000
       620   6.2000E+001   2.2926E-002   0.0000E+000   0.0000E+000
       630   6.3000E+001   2.7698E-002   0.0000E+000   0.0000E+000
       640   6.4000E+001   3.3462E-002   0.0000E+000   0.0000E+000
       650   6.5000E+001   4.0424E-002   0.0000E+000   0.0000E+000
       660   6.6000E+001   4.8833E-002   0.0000E+000   0.0000E+000
       670   6.7000E+001   5.8989E-002   0.0000E+000   0.0000E+000
       680   6.8000E+001   7.1255E-002   0.0000E+000   0.0000E+000
       690   6.9000E+001   8.6069E-002   0.0000E+000   0.0000E+000
       700   7.0000E+001   1.0396E-001   0.0000E+000   0.0000E+000
       710   7.1000E+001   1.2556E-001   0.0000E+000   0.0000E+000
       720   7.2000E+001   1.5165E-001   0.0000E+000   0.0000E+000
       730   7.3000E+001   1.8315E-001   0.0000E+000   0.0000E+000
       740   7.4000E+001   2.2119E-001   0.0000E+000   0.0000E+000
       750   7.5000E+001   2.6712E-001   0.0000E+000   0.0000E+000
       760   7.6000E+001   3.2257E-001   0.0000E+000   0.0000E+000
       770   7.7000E+001   3.8952E-001   0.0000E+000   0.0000E+000
       780   7.8000E+001   4.7035E-001   0.0000E+000   0.0000E+000
       790   7.9000E+001   5.6794E-001   0.0000E+000   0.0000E+000
       800   8.0000E+001   6.8574E-001   0.0000E+000   0.0000E+000
       810   8.1000E+001   8.2795E-001   0.0000E+000   0.0000E+000
       820   8.2000E+001   9.9961E-001   0.0000E+000   0.0000E+000
       830   8.3000E+001   1.2068E+000   0.0000E+000   0.0000E+000
       840   8.4000E+001   1.4569E+000   0.0000E+000   0.0000E+000
       850   8.5000E+001   1.7588E+000   0.0000E+000   0.0000E+000
       860   8.6000E+001   2.1231E+000   0.0000E+000   0.0000E+000
       870   8.7000E+001   2.5628E+000   0.0000E+000   0.0000E+000
       880   8.8000E+001   3.0935E+000   0.0000E+000   0.0000E+000
       890   8.9000E+001   3.7339E+000   0.0000E+000   0.0000E+000
       900   9.0000E+001   4.5067E+000   0.0000E+000   0.0000E+000
       910   9.1000E+001   5.4393E+000   0.0000E+000   0.0000E+000
       920   9.2000E+001   6.5646E+000   0.0000E+000   0.0000E+000
       930   9.3000E+001   7.9224E+000   0.0000E+000   0.0000E+000
       940   9.4000E+001   9.5608E+000   0.0000E+000   0.0000E+000
       950   9.5000E+001   1.1538E+001   0.0000E+000   0.0000E+000
       960   9.6000E+001   1.3923E+001   0.0000E+000   0.0000E+000
       970   9.7000E+001   1.6800E+001   0.0000E+000   0.0000E+000
       980   9.8000E+001   2.0272E+001   0.0000E+000   0.0000E+000
       990   9.9000E+001   2.4460E+001   0.0000E+000   0.0000E+000
      1000   1.0000E+002   2.9513E+001   0.0000E+000   0.0000E+000
