     istep       time        |phi|^2       |apar|^2       |bpar|^2
---------------------------------------------------------------------
         0   0.0000E+000   4.8374E-002   0.0000E+000   0.0000E+000
        20   2.0000E-001   1.6810E-001   0.0000E+000   0.0000E+000
        40   4.0000E-001   1.4751E-001   0.0000E+000   0.0000E+000
        60   6.0000E-001   1.4929E-001   0.0000E+000   0.0000E+000
        80   8.0000E-001   1.5217E-001   0.0000E+000   0.0000E+000
       100   1.0000E+000   1.5263E-001   0.0000E+000   0.0000E+000
       120   1.2000E+000   1.5565E-001   0.0000E+000   0.0000E+000
       140   1.4000E+000   1.5773E-001   0.0000E+000   0.0000E+000
       160   1.6000E+000   1.6084E-001   0.0000E+000   0.0000E+000
       180   1.8000E+000   1.6474E-001   0.0000E+000   0.0000E+000
       200   2.0000E+000   1.6950E-001   0.0000E+000   0.0000E+000
       220   2.2000E+000   1.7526E-001   0.0000E+000   0.0000E+000
       240   2.4000E+000   1.8203E-001   0.0000E+000   0.0000E+000
       260   2.6000E+000   1.8984E-001   0.0000E+000   0.0000E+000
       280   2.8000E+000   1.9870E-001   0.0000E+000   0.0000E+000
       300   3.0000E+000   2.0862E-001   0.0000E+000   0.0000E+000
       320   3.2000E+000   2.1958E-001   0.0000E+000   0.0000E+000
       340   3.4000E+000   2.3157E-001   0.0000E+000   0.0000E+000
       360   3.6000E+000   2.4460E-001   0.0000E+000   0.0000E+000
       380   3.8000E+000   2.5865E-001   0.0000E+000   0.0000E+000
       400   4.0000E+000   2.7370E-001   0.0000E+000   0.0000E+000
       420   4.2000E+000   2.8975E-001   0.0000E+000   0.0000E+000
       440   4.4000E+000   3.0679E-001   0.0000E+000   0.0000E+000
       460   4.6000E+000   3.2482E-001   0.0000E+000   0.0000E+000
       480   4.8000E+000   3.4387E-001   0.0000E+000   0.0000E+000
       500   5.0000E+000   3.6392E-001   0.0000E+000   0.0000E+000
       520   5.2000E+000   3.8500E-001   0.0000E+000   0.0000E+000
       540   5.4000E+000   4.0712E-001   0.0000E+000   0.0000E+000
       560   5.6000E+000   4.3029E-001   0.0000E+000   0.0000E+000
       580   5.8000E+000   4.5455E-001   0.0000E+000   0.0000E+000
       600   6.0000E+000   4.7996E-001   0.0000E+000   0.0000E+000
       620   6.2000E+000   5.0652E-001   0.0000E+000   0.0000E+000
       640   6.4000E+000   5.3430E-001   0.0000E+000   0.0000E+000
       660   6.6000E+000   5.6334E-001   0.0000E+000   0.0000E+000
       680   6.8000E+000   5.9367E-001   0.0000E+000   0.0000E+000
       700   7.0000E+000   6.2540E-001   0.0000E+000   0.0000E+000
       720   7.2000E+000   6.5851E-001   0.0000E+000   0.0000E+000
       740   7.4000E+000   6.9317E-001   0.0000E+000   0.0000E+000
       760   7.6000E+000   7.2936E-001   0.0000E+000   0.0000E+000
       780   7.8000E+000   7.6710E-001   0.0000E+000   0.0000E+000
       800   8.0000E+000   8.0659E-001   0.0000E+000   0.0000E+000
       820   8.2000E+000   8.4772E-001   0.0000E+000   0.0000E+000
       840   8.4000E+000   8.9074E-001   0.0000E+000   0.0000E+000
       860   8.6000E+000   9.3574E-001   0.0000E+000   0.0000E+000
       880   8.8000E+000   9.8276E-001   0.0000E+000   0.0000E+000
       900   9.0000E+000   1.0319E+000   0.0000E+000   0.0000E+000
       920   9.2000E+000   1.0831E+000   0.0000E+000   0.0000E+000
       940   9.4000E+000   1.1366E+000   0.0000E+000   0.0000E+000
       960   9.6000E+000   1.1923E+000   0.0000E+000   0.0000E+000
       980   9.8000E+000   1.2505E+000   0.0000E+000   0.0000E+000
      1000   1.0000E+001   1.3111E+000   0.0000E+000   0.0000E+000
      1020   1.0200E+001   1.3744E+000   0.0000E+000   0.0000E+000
      1040   1.0400E+001   1.4402E+000   0.0000E+000   0.0000E+000
      1060   1.0600E+001   1.5089E+000   0.0000E+000   0.0000E+000
      1080   1.0800E+001   1.5804E+000   0.0000E+000   0.0000E+000
      1100   1.1000E+001   1.6548E+000   0.0000E+000   0.0000E+000
      1120   1.1200E+001   1.7323E+000   0.0000E+000   0.0000E+000
      1140   1.1400E+001   1.8129E+000   0.0000E+000   0.0000E+000
      1160   1.1600E+001   1.8968E+000   0.0000E+000   0.0000E+000
      1180   1.1800E+001   1.9841E+000   0.0000E+000   0.0000E+000
      1200   1.2000E+001   2.0748E+000   0.0000E+000   0.0000E+000
      1220   1.2200E+001   2.1692E+000   0.0000E+000   0.0000E+000
      1240   1.2400E+001   2.2673E+000   0.0000E+000   0.0000E+000
      1260   1.2600E+001   2.3692E+000   0.0000E+000   0.0000E+000
      1280   1.2800E+001   2.4752E+000   0.0000E+000   0.0000E+000
      1300   1.3000E+001   2.5854E+000   0.0000E+000   0.0000E+000
      1320   1.3200E+001   2.6998E+000   0.0000E+000   0.0000E+000
      1340   1.3400E+001   2.8187E+000   0.0000E+000   0.0000E+000
      1360   1.3600E+001   2.9423E+000   0.0000E+000   0.0000E+000
      1380   1.3800E+001   3.0706E+000   0.0000E+000   0.0000E+000
      1400   1.4000E+001   3.2039E+000   0.0000E+000   0.0000E+000
      1420   1.4200E+001   3.3423E+000   0.0000E+000   0.0000E+000
      1440   1.4400E+001   3.4863E+000   0.0000E+000   0.0000E+000
      1460   1.4600E+001   3.6358E+000   0.0000E+000   0.0000E+000
      1480   1.4800E+001   3.7910E+000   0.0000E+000   0.0000E+000
      1500   1.5000E+001   3.9521E+000   0.0000E+000   0.0000E+000
      1520   1.5200E+001   4.1196E+000   0.0000E+000   0.0000E+000
      1540   1.5400E+001   4.2939E+000   0.0000E+000   0.0000E+000
      1560   1.5600E+001   4.4749E+000   0.0000E+000   0.0000E+000
      1580   1.5800E+001   4.6629E+000   0.0000E+000   0.0000E+000
      1600   1.6000E+001   4.8582E+000   0.0000E+000   0.0000E+000
      1620   1.6200E+001   5.0609E+000   0.0000E+000   0.0000E+000
      1640   1.6400E+001   5.2715E+000   0.0000E+000   0.0000E+000
      1660   1.6600E+001   5.4906E+000   0.0000E+000   0.0000E+000
      1680   1.6800E+001   5.7184E+000   0.0000E+000   0.0000E+000
      1700   1.7000E+001   5.9553E+000   0.0000E+000   0.0000E+000
      1720   1.7200E+001   6.2015E+000   0.0000E+000   0.0000E+000
      1740   1.7400E+001   6.4575E+000   0.0000E+000   0.0000E+000
      1760   1.7600E+001   6.7238E+000   0.0000E+000   0.0000E+000
      1780   1.7800E+001   7.0007E+000   0.0000E+000   0.0000E+000
      1800   1.8000E+001   7.2888E+000   0.0000E+000   0.0000E+000
      1820   1.8200E+001   7.5886E+000   0.0000E+000   0.0000E+000
      1840   1.8400E+001   7.9005E+000   0.0000E+000   0.0000E+000
      1860   1.8600E+001   8.2251E+000   0.0000E+000   0.0000E+000
      1880   1.8800E+001   8.5630E+000   0.0000E+000   0.0000E+000
      1900   1.9000E+001   8.9148E+000   0.0000E+000   0.0000E+000
      1920   1.9200E+001   9.2811E+000   0.0000E+000   0.0000E+000
      1940   1.9400E+001   9.6627E+000   0.0000E+000   0.0000E+000
      1960   1.9600E+001   1.0060E+001   0.0000E+000   0.0000E+000
      1980   1.9800E+001   1.0474E+001   0.0000E+000   0.0000E+000
      2000   2.0000E+001   1.0906E+001   0.0000E+000   0.0000E+000
      2020   2.0200E+001   1.1356E+001   0.0000E+000   0.0000E+000
      2040   2.0400E+001   1.1825E+001   0.0000E+000   0.0000E+000
      2060   2.0600E+001   1.2314E+001   0.0000E+000   0.0000E+000
      2080   2.0800E+001   1.2824E+001   0.0000E+000   0.0000E+000
      2100   2.1000E+001   1.3356E+001   0.0000E+000   0.0000E+000
      2120   2.1200E+001   1.3911E+001   0.0000E+000   0.0000E+000
      2140   2.1400E+001   1.4491E+001   0.0000E+000   0.0000E+000
      2160   2.1600E+001   1.5096E+001   0.0000E+000   0.0000E+000
      2180   2.1800E+001   1.5727E+001   0.0000E+000   0.0000E+000
      2200   2.2000E+001   1.6386E+001   0.0000E+000   0.0000E+000
      2220   2.2200E+001   1.7075E+001   0.0000E+000   0.0000E+000
      2240   2.2400E+001   1.7794E+001   0.0000E+000   0.0000E+000
      2260   2.2600E+001   1.8545E+001   0.0000E+000   0.0000E+000
      2280   2.2800E+001   1.9331E+001   0.0000E+000   0.0000E+000
      2300   2.3000E+001   2.0151E+001   0.0000E+000   0.0000E+000
      2320   2.3200E+001   2.1010E+001   0.0000E+000   0.0000E+000
      2340   2.3400E+001   2.1907E+001   0.0000E+000   0.0000E+000
      2360   2.3600E+001   2.2845E+001   0.0000E+000   0.0000E+000
      2380   2.3800E+001   2.3826E+001   0.0000E+000   0.0000E+000
      2400   2.4000E+001   2.4853E+001   0.0000E+000   0.0000E+000
      2420   2.4200E+001   2.5927E+001   0.0000E+000   0.0000E+000
      2440   2.4400E+001   2.7051E+001   0.0000E+000   0.0000E+000
      2460   2.4600E+001   2.8227E+001   0.0000E+000   0.0000E+000
      2480   2.4800E+001   2.9458E+001   0.0000E+000   0.0000E+000
      2500   2.5000E+001   3.0746E+001   0.0000E+000   0.0000E+000
      2520   2.5200E+001   3.2095E+001   0.0000E+000   0.0000E+000
      2540   2.5400E+001   3.3508E+001   0.0000E+000   0.0000E+000
      2560   2.5600E+001   3.4988E+001   0.0000E+000   0.0000E+000
      2580   2.5800E+001   3.6538E+001   0.0000E+000   0.0000E+000
      2600   2.6000E+001   3.8161E+001   0.0000E+000   0.0000E+000
      2620   2.6200E+001   3.9862E+001   0.0000E+000   0.0000E+000
      2640   2.6400E+001   4.1644E+001   0.0000E+000   0.0000E+000
      2660   2.6600E+001   4.3511E+001   0.0000E+000   0.0000E+000
      2680   2.6800E+001   4.5468E+001   0.0000E+000   0.0000E+000
      2700   2.7000E+001   4.7519E+001   0.0000E+000   0.0000E+000
      2720   2.7200E+001   4.9669E+001   0.0000E+000   0.0000E+000
      2740   2.7400E+001   5.1922E+001   0.0000E+000   0.0000E+000
      2760   2.7600E+001   5.4285E+001   0.0000E+000   0.0000E+000
      2780   2.7800E+001   5.6761E+001   0.0000E+000   0.0000E+000
      2800   2.8000E+001   5.9358E+001   0.0000E+000   0.0000E+000
      2820   2.8200E+001   6.2081E+001   0.0000E+000   0.0000E+000
      2840   2.8400E+001   6.4936E+001   0.0000E+000   0.0000E+000
      2860   2.8600E+001   6.7930E+001   0.0000E+000   0.0000E+000
      2880   2.8800E+001   7.1070E+001   0.0000E+000   0.0000E+000
      2900   2.9000E+001   7.4363E+001   0.0000E+000   0.0000E+000
      2920   2.9200E+001   7.7817E+001   0.0000E+000   0.0000E+000
      2940   2.9400E+001   8.1440E+001   0.0000E+000   0.0000E+000
      2960   2.9600E+001   8.5240E+001   0.0000E+000   0.0000E+000
      2980   2.9800E+001   8.9226E+001   0.0000E+000   0.0000E+000
      3000   3.0000E+001   9.3406E+001   0.0000E+000   0.0000E+000
      3020   3.0200E+001   9.7792E+001   0.0000E+000   0.0000E+000
      3040   3.0400E+001   1.0239E+002   0.0000E+000   0.0000E+000
      3060   3.0600E+001   1.0722E+002   0.0000E+000   0.0000E+000
      3080   3.0800E+001   1.1228E+002   0.0000E+000   0.0000E+000
      3100   3.1000E+001   1.1759E+002   0.0000E+000   0.0000E+000
      3120   3.1200E+001   1.2316E+002   0.0000E+000   0.0000E+000
      3140   3.1400E+001   1.2901E+002   0.0000E+000   0.0000E+000
      3160   3.1600E+001   1.3514E+002   0.0000E+000   0.0000E+000
      3180   3.1800E+001   1.4157E+002   0.0000E+000   0.0000E+000
      3200   3.2000E+001   1.4832E+002   0.0000E+000   0.0000E+000
      3220   3.2200E+001   1.5539E+002   0.0000E+000   0.0000E+000
      3240   3.2400E+001   1.6282E+002   0.0000E+000   0.0000E+000
      3260   3.2600E+001   1.7061E+002   0.0000E+000   0.0000E+000
      3280   3.2800E+001   1.7878E+002   0.0000E+000   0.0000E+000
      3300   3.3000E+001   1.8735E+002   0.0000E+000   0.0000E+000
      3320   3.3200E+001   1.9633E+002   0.0000E+000   0.0000E+000
      3340   3.3400E+001   2.0576E+002   0.0000E+000   0.0000E+000
      3360   3.3600E+001   2.1565E+002   0.0000E+000   0.0000E+000
      3380   3.3800E+001   2.2602E+002   0.0000E+000   0.0000E+000
      3400   3.4000E+001   2.3690E+002   0.0000E+000   0.0000E+000
      3420   3.4200E+001   2.4831E+002   0.0000E+000   0.0000E+000
      3440   3.4400E+001   2.6027E+002   0.0000E+000   0.0000E+000
      3460   3.4600E+001   2.7282E+002   0.0000E+000   0.0000E+000
      3480   3.4800E+001   2.8598E+002   0.0000E+000   0.0000E+000
      3500   3.5000E+001   2.9977E+002   0.0000E+000   0.0000E+000
      3520   3.5200E+001   3.1424E+002   0.0000E+000   0.0000E+000
      3540   3.5400E+001   3.2941E+002   0.0000E+000   0.0000E+000
      3560   3.5600E+001   3.4532E+002   0.0000E+000   0.0000E+000
      3580   3.5800E+001   3.6199E+002   0.0000E+000   0.0000E+000
      3600   3.6000E+001   3.7948E+002   0.0000E+000   0.0000E+000
      3620   3.6200E+001   3.9780E+002   0.0000E+000   0.0000E+000
      3640   3.6400E+001   4.1702E+002   0.0000E+000   0.0000E+000
      3660   3.6600E+001   4.3716E+002   0.0000E+000   0.0000E+000
      3680   3.6800E+001   4.5828E+002   0.0000E+000   0.0000E+000
      3700   3.7000E+001   4.8041E+002   0.0000E+000   0.0000E+000
      3720   3.7200E+001   5.0361E+002   0.0000E+000   0.0000E+000
      3740   3.7400E+001   5.2792E+002   0.0000E+000   0.0000E+000
      3760   3.7600E+001   5.5341E+002   0.0000E+000   0.0000E+000
      3780   3.7800E+001   5.8011E+002   0.0000E+000   0.0000E+000
      3800   3.8000E+001   6.0810E+002   0.0000E+000   0.0000E+000
      3820   3.8200E+001   6.3743E+002   0.0000E+000   0.0000E+000
      3840   3.8400E+001   6.6816E+002   0.0000E+000   0.0000E+000
      3860   3.8600E+001   7.0036E+002   0.0000E+000   0.0000E+000
      3880   3.8800E+001   7.3410E+002   0.0000E+000   0.0000E+000
      3900   3.9000E+001   7.6945E+002   0.0000E+000   0.0000E+000
      3920   3.9200E+001   8.0649E+002   0.0000E+000   0.0000E+000
      3940   3.9400E+001   8.4529E+002   0.0000E+000   0.0000E+000
      3960   3.9600E+001   8.8594E+002   0.0000E+000   0.0000E+000
      3980   3.9800E+001   9.2853E+002   0.0000E+000   0.0000E+000
      4000   4.0000E+001   9.7314E+002   0.0000E+000   0.0000E+000
      4020   4.0200E+001   1.0199E+003   0.0000E+000   0.0000E+000
      4040   4.0400E+001   1.0688E+003   0.0000E+000   0.0000E+000
      4060   4.0600E+001   1.1201E+003   0.0000E+000   0.0000E+000
      4080   4.0800E+001   1.1738E+003   0.0000E+000   0.0000E+000
      4100   4.1000E+001   1.2300E+003   0.0000E+000   0.0000E+000
      4120   4.1200E+001   1.2889E+003   0.0000E+000   0.0000E+000
      4140   4.1400E+001   1.3505E+003   0.0000E+000   0.0000E+000
      4160   4.1600E+001   1.4151E+003   0.0000E+000   0.0000E+000
      4180   4.1800E+001   1.4828E+003   0.0000E+000   0.0000E+000
      4200   4.2000E+001   1.5536E+003   0.0000E+000   0.0000E+000
      4220   4.2200E+001   1.6277E+003   0.0000E+000   0.0000E+000
      4240   4.2400E+001   1.7054E+003   0.0000E+000   0.0000E+000
      4260   4.2600E+001   1.7867E+003   0.0000E+000   0.0000E+000
      4280   4.2800E+001   1.8718E+003   0.0000E+000   0.0000E+000
      4300   4.3000E+001   1.9609E+003   0.0000E+000   0.0000E+000
      4320   4.3200E+001   2.0542E+003   0.0000E+000   0.0000E+000
      4340   4.3400E+001   2.1519E+003   0.0000E+000   0.0000E+000
      4360   4.3600E+001   2.2541E+003   0.0000E+000   0.0000E+000
      4380   4.3800E+001   2.3612E+003   0.0000E+000   0.0000E+000
      4400   4.4000E+001   2.4732E+003   0.0000E+000   0.0000E+000
      4420   4.4200E+001   2.5905E+003   0.0000E+000   0.0000E+000
      4440   4.4400E+001   2.7133E+003   0.0000E+000   0.0000E+000
      4460   4.4600E+001   2.8418E+003   0.0000E+000   0.0000E+000
      4480   4.4800E+001   2.9764E+003   0.0000E+000   0.0000E+000
      4500   4.5000E+001   3.1172E+003   0.0000E+000   0.0000E+000
      4520   4.5200E+001   3.2646E+003   0.0000E+000   0.0000E+000
      4540   4.5400E+001   3.4189E+003   0.0000E+000   0.0000E+000
      4560   4.5600E+001   3.5803E+003   0.0000E+000   0.0000E+000
      4580   4.5800E+001   3.7493E+003   0.0000E+000   0.0000E+000
      4600   4.6000E+001   3.9262E+003   0.0000E+000   0.0000E+000
      4620   4.6200E+001   4.1114E+003   0.0000E+000   0.0000E+000
      4640   4.6400E+001   4.3051E+003   0.0000E+000   0.0000E+000
      4660   4.6600E+001   4.5079E+003   0.0000E+000   0.0000E+000
      4680   4.6800E+001   4.7201E+003   0.0000E+000   0.0000E+000
      4700   4.7000E+001   4.9422E+003   0.0000E+000   0.0000E+000
      4720   4.7200E+001   5.1746E+003   0.0000E+000   0.0000E+000
      4740   4.7400E+001   5.4179E+003   0.0000E+000   0.0000E+000
      4760   4.7600E+001   5.6724E+003   0.0000E+000   0.0000E+000
      4780   4.7800E+001   5.9388E+003   0.0000E+000   0.0000E+000
      4800   4.8000E+001   6.2176E+003   0.0000E+000   0.0000E+000
      4820   4.8200E+001   6.5093E+003   0.0000E+000   0.0000E+000
      4840   4.8400E+001   6.8146E+003   0.0000E+000   0.0000E+000
      4860   4.8600E+001   7.1341E+003   0.0000E+000   0.0000E+000
      4880   4.8800E+001   7.4685E+003   0.0000E+000   0.0000E+000
      4900   4.9000E+001   7.8184E+003   0.0000E+000   0.0000E+000
      4920   4.9200E+001   8.1845E+003   0.0000E+000   0.0000E+000
      4940   4.9400E+001   8.5676E+003   0.0000E+000   0.0000E+000
      4960   4.9600E+001   8.9686E+003   0.0000E+000   0.0000E+000
      4980   4.9800E+001   9.3882E+003   0.0000E+000   0.0000E+000
      5000   5.0000E+001   9.8273E+003   0.0000E+000   0.0000E+000
      5020   5.0200E+001   1.0287E+004   0.0000E+000   0.0000E+000
      5040   5.0400E+001   1.0768E+004   0.0000E+000   0.0000E+000
      5060   5.0600E+001   1.1271E+004   0.0000E+000   0.0000E+000
      5080   5.0800E+001   1.1797E+004   0.0000E+000   0.0000E+000
      5100   5.1000E+001   1.2348E+004   0.0000E+000   0.0000E+000
      5120   5.1200E+001   1.2925E+004   0.0000E+000   0.0000E+000
      5140   5.1400E+001   1.3528E+004   0.0000E+000   0.0000E+000
      5160   5.1600E+001   1.4160E+004   0.0000E+000   0.0000E+000
      5180   5.1800E+001   1.4820E+004   0.0000E+000   0.0000E+000
      5200   5.2000E+001   1.5512E+004   0.0000E+000   0.0000E+000
      5220   5.2200E+001   1.6236E+004   0.0000E+000   0.0000E+000
      5240   5.2400E+001   1.6993E+004   0.0000E+000   0.0000E+000
      5260   5.2600E+001   1.7785E+004   0.0000E+000   0.0000E+000
      5280   5.2800E+001   1.8615E+004   0.0000E+000   0.0000E+000
      5300   5.3000E+001   1.9483E+004   0.0000E+000   0.0000E+000
      5320   5.3200E+001   2.0391E+004   0.0000E+000   0.0000E+000
      5340   5.3400E+001   2.1342E+004   0.0000E+000   0.0000E+000
      5360   5.3600E+001   2.2337E+004   0.0000E+000   0.0000E+000
      5380   5.3800E+001   2.3378E+004   0.0000E+000   0.0000E+000
      5400   5.4000E+001   2.4467E+004   0.0000E+000   0.0000E+000
      5420   5.4200E+001   2.5608E+004   0.0000E+000   0.0000E+000
      5440   5.4400E+001   2.6801E+004   0.0000E+000   0.0000E+000
      5460   5.4600E+001   2.8050E+004   0.0000E+000   0.0000E+000
      5480   5.4800E+001   2.9357E+004   0.0000E+000   0.0000E+000
      5500   5.5000E+001   3.0725E+004   0.0000E+000   0.0000E+000
      5520   5.5200E+001   3.2157E+004   0.0000E+000   0.0000E+000
      5540   5.5400E+001   3.3656E+004   0.0000E+000   0.0000E+000
      5560   5.5600E+001   3.5224E+004   0.0000E+000   0.0000E+000
      5580   5.5800E+001   3.6866E+004   0.0000E+000   0.0000E+000
      5600   5.6000E+001   3.8584E+004   0.0000E+000   0.0000E+000
      5620   5.6200E+001   4.0382E+004   0.0000E+000   0.0000E+000
      5640   5.6400E+001   4.2264E+004   0.0000E+000   0.0000E+000
      5660   5.6600E+001   4.4234E+004   0.0000E+000   0.0000E+000
      5680   5.6800E+001   4.6296E+004   0.0000E+000   0.0000E+000
      5700   5.7000E+001   4.8455E+004   0.0000E+000   0.0000E+000
      5720   5.7200E+001   5.0714E+004   0.0000E+000   0.0000E+000
      5740   5.7400E+001   5.3078E+004   0.0000E+000   0.0000E+000
      5760   5.7600E+001   5.5553E+004   0.0000E+000   0.0000E+000
      5780   5.7800E+001   5.8144E+004   0.0000E+000   0.0000E+000
      5800   5.8000E+001   6.0856E+004   0.0000E+000   0.0000E+000
      5820   5.8200E+001   6.3694E+004   0.0000E+000   0.0000E+000
      5840   5.8400E+001   6.6666E+004   0.0000E+000   0.0000E+000
      5860   5.8600E+001   6.9776E+004   0.0000E+000   0.0000E+000
      5880   5.8800E+001   7.3032E+004   0.0000E+000   0.0000E+000
      5900   5.9000E+001   7.6440E+004   0.0000E+000   0.0000E+000
      5920   5.9200E+001   8.0007E+004   0.0000E+000   0.0000E+000
      5940   5.9400E+001   8.3741E+004   0.0000E+000   0.0000E+000
      5960   5.9600E+001   8.7650E+004   0.0000E+000   0.0000E+000
      5980   5.9800E+001   9.1743E+004   0.0000E+000   0.0000E+000
      6000   6.0000E+001   9.6026E+004   0.0000E+000   0.0000E+000
      6020   6.0200E+001   1.0051E+005   0.0000E+000   0.0000E+000
      6040   6.0400E+001   1.0521E+005   0.0000E+000   0.0000E+000
      6060   6.0600E+001   1.1012E+005   0.0000E+000   0.0000E+000
      6080   6.0800E+001   1.1526E+005   0.0000E+000   0.0000E+000
      6100   6.1000E+001   1.2065E+005   0.0000E+000   0.0000E+000
      6120   6.1200E+001   1.2629E+005   0.0000E+000   0.0000E+000
      6140   6.1400E+001   1.3219E+005   0.0000E+000   0.0000E+000
      6160   6.1600E+001   1.3837E+005   0.0000E+000   0.0000E+000
      6180   6.1800E+001   1.4484E+005   0.0000E+000   0.0000E+000
      6200   6.2000E+001   1.5161E+005   0.0000E+000   0.0000E+000
      6220   6.2200E+001   1.5870E+005   0.0000E+000   0.0000E+000
      6240   6.2400E+001   1.6612E+005   0.0000E+000   0.0000E+000
      6260   6.2600E+001   1.7389E+005   0.0000E+000   0.0000E+000
      6280   6.2800E+001   1.8203E+005   0.0000E+000   0.0000E+000
      6300   6.3000E+001   1.9055E+005   0.0000E+000   0.0000E+000
      6320   6.3200E+001   1.9946E+005   0.0000E+000   0.0000E+000
      6340   6.3400E+001   2.0880E+005   0.0000E+000   0.0000E+000
      6360   6.3600E+001   2.1857E+005   0.0000E+000   0.0000E+000
      6380   6.3800E+001   2.2881E+005   0.0000E+000   0.0000E+000
      6400   6.4000E+001   2.3952E+005   0.0000E+000   0.0000E+000
      6420   6.4200E+001   2.5073E+005   0.0000E+000   0.0000E+000
      6440   6.4400E+001   2.6248E+005   0.0000E+000   0.0000E+000
      6460   6.4600E+001   2.7477E+005   0.0000E+000   0.0000E+000
      6480   6.4800E+001   2.8764E+005   0.0000E+000   0.0000E+000
      6500   6.5000E+001   3.0112E+005   0.0000E+000   0.0000E+000
      6520   6.5200E+001   3.1522E+005   0.0000E+000   0.0000E+000
      6540   6.5400E+001   3.3000E+005   0.0000E+000   0.0000E+000
      6560   6.5600E+001   3.4546E+005   0.0000E+000   0.0000E+000
      6580   6.5800E+001   3.6165E+005   0.0000E+000   0.0000E+000
      6600   6.6000E+001   3.7861E+005   0.0000E+000   0.0000E+000
      6620   6.6200E+001   3.9635E+005   0.0000E+000   0.0000E+000
      6640   6.6400E+001   4.1494E+005   0.0000E+000   0.0000E+000
      6660   6.6600E+001   4.3439E+005   0.0000E+000   0.0000E+000
      6680   6.6800E+001   4.5476E+005   0.0000E+000   0.0000E+000
      6700   6.7000E+001   4.7609E+005   0.0000E+000   0.0000E+000
      6720   6.7200E+001   4.9842E+005   0.0000E+000   0.0000E+000
      6740   6.7400E+001   5.2180E+005   0.0000E+000   0.0000E+000
      6760   6.7600E+001   5.4627E+005   0.0000E+000   0.0000E+000
      6780   6.7800E+001   5.7190E+005   0.0000E+000   0.0000E+000
      6800   6.8000E+001   5.9873E+005   0.0000E+000   0.0000E+000
      6820   6.8200E+001   6.2683E+005   0.0000E+000   0.0000E+000
      6840   6.8400E+001   6.5624E+005   0.0000E+000   0.0000E+000
      6860   6.8600E+001   6.8703E+005   0.0000E+000   0.0000E+000
      6880   6.8800E+001   7.1927E+005   0.0000E+000   0.0000E+000
      6900   6.9000E+001   7.5303E+005   0.0000E+000   0.0000E+000
      6920   6.9200E+001   7.8837E+005   0.0000E+000   0.0000E+000
      6940   6.9400E+001   8.2538E+005   0.0000E+000   0.0000E+000
      6960   6.9600E+001   8.6412E+005   0.0000E+000   0.0000E+000
      6980   6.9800E+001   9.0468E+005   0.0000E+000   0.0000E+000
      7000   7.0000E+001   9.4715E+005   0.0000E+000   0.0000E+000
      7020   7.0200E+001   9.9162E+005   0.0000E+000   0.0000E+000
      7040   7.0400E+001   1.0382E+006   0.0000E+000   0.0000E+000
      7060   7.0600E+001   1.0869E+006   0.0000E+000   0.0000E+000
      7080   7.0800E+001   1.1379E+006   0.0000E+000   0.0000E+000
      7100   7.1000E+001   1.1914E+006   0.0000E+000   0.0000E+000
      7120   7.1200E+001   1.2473E+006   0.0000E+000   0.0000E+000
      7140   7.1400E+001   1.3059E+006   0.0000E+000   0.0000E+000
      7160   7.1600E+001   1.3672E+006   0.0000E+000   0.0000E+000
      7180   7.1800E+001   1.4314E+006   0.0000E+000   0.0000E+000
      7200   7.2000E+001   1.4986E+006   0.0000E+000   0.0000E+000
      7220   7.2200E+001   1.5690E+006   0.0000E+000   0.0000E+000
      7240   7.2400E+001   1.6427E+006   0.0000E+000   0.0000E+000
      7260   7.2600E+001   1.7198E+006   0.0000E+000   0.0000E+000
      7280   7.2800E+001   1.8006E+006   0.0000E+000   0.0000E+000
      7300   7.3000E+001   1.8851E+006   0.0000E+000   0.0000E+000
      7320   7.3200E+001   1.9736E+006   0.0000E+000   0.0000E+000
      7340   7.3400E+001   2.0663E+006   0.0000E+000   0.0000E+000
      7360   7.3600E+001   2.1634E+006   0.0000E+000   0.0000E+000
      7380   7.3800E+001   2.2650E+006   0.0000E+000   0.0000E+000
      7400   7.4000E+001   2.3713E+006   0.0000E+000   0.0000E+000
      7420   7.4200E+001   2.4827E+006   0.0000E+000   0.0000E+000
      7440   7.4400E+001   2.5993E+006   0.0000E+000   0.0000E+000
      7460   7.4600E+001   2.7213E+006   0.0000E+000   0.0000E+000
      7480   7.4800E+001   2.8491E+006   0.0000E+000   0.0000E+000
      7500   7.5000E+001   2.9829E+006   0.0000E+000   0.0000E+000
      7520   7.5200E+001   3.1230E+006   0.0000E+000   0.0000E+000
      7540   7.5400E+001   3.2696E+006   0.0000E+000   0.0000E+000
      7560   7.5600E+001   3.4232E+006   0.0000E+000   0.0000E+000
      7580   7.5800E+001   3.5839E+006   0.0000E+000   0.0000E+000
      7600   7.6000E+001   3.7522E+006   0.0000E+000   0.0000E+000
      7620   7.6200E+001   3.9283E+006   0.0000E+000   0.0000E+000
      7640   7.6400E+001   4.1128E+006   0.0000E+000   0.0000E+000
      7660   7.6600E+001   4.3059E+006   0.0000E+000   0.0000E+000
      7680   7.6800E+001   4.5081E+006   0.0000E+000   0.0000E+000
      7700   7.7000E+001   4.7197E+006   0.0000E+000   0.0000E+000
      7720   7.7200E+001   4.9413E+006   0.0000E+000   0.0000E+000
      7740   7.7400E+001   5.1733E+006   0.0000E+000   0.0000E+000
      7760   7.7600E+001   5.4161E+006   0.0000E+000   0.0000E+000
      7780   7.7800E+001   5.6704E+006   0.0000E+000   0.0000E+000
      7800   7.8000E+001   5.9366E+006   0.0000E+000   0.0000E+000
      7820   7.8200E+001   6.2153E+006   0.0000E+000   0.0000E+000
      7840   7.8400E+001   6.5070E+006   0.0000E+000   0.0000E+000
      7860   7.8600E+001   6.8124E+006   0.0000E+000   0.0000E+000
      7880   7.8800E+001   7.1322E+006   0.0000E+000   0.0000E+000
      7900   7.9000E+001   7.4670E+006   0.0000E+000   0.0000E+000
      7920   7.9200E+001   7.8174E+006   0.0000E+000   0.0000E+000
      7940   7.9400E+001   8.1843E+006   0.0000E+000   0.0000E+000
      7960   7.9600E+001   8.5685E+006   0.0000E+000   0.0000E+000
      7980   7.9800E+001   8.9706E+006   0.0000E+000   0.0000E+000
      8000   8.0000E+001   9.3916E+006   0.0000E+000   0.0000E+000
      8020   8.0200E+001   9.8323E+006   0.0000E+000   0.0000E+000
      8040   8.0400E+001   1.0294E+007   0.0000E+000   0.0000E+000
      8060   8.0600E+001   1.0777E+007   0.0000E+000   0.0000E+000
      8080   8.0800E+001   1.1282E+007   0.0000E+000   0.0000E+000
      8100   8.1000E+001   1.1812E+007   0.0000E+000   0.0000E+000
      8120   8.1200E+001   1.2366E+007   0.0000E+000   0.0000E+000
      8140   8.1400E+001   1.2946E+007   0.0000E+000   0.0000E+000
      8160   8.1600E+001   1.3554E+007   0.0000E+000   0.0000E+000
      8180   8.1800E+001   1.4190E+007   0.0000E+000   0.0000E+000
      8200   8.2000E+001   1.4855E+007   0.0000E+000   0.0000E+000
      8220   8.2200E+001   1.5552E+007   0.0000E+000   0.0000E+000
      8240   8.2400E+001   1.6282E+007   0.0000E+000   0.0000E+000
      8260   8.2600E+001   1.7046E+007   0.0000E+000   0.0000E+000
      8280   8.2800E+001   1.7845E+007   0.0000E+000   0.0000E+000
      8300   8.3000E+001   1.8682E+007   0.0000E+000   0.0000E+000
      8320   8.3200E+001   1.9559E+007   0.0000E+000   0.0000E+000
      8340   8.3400E+001   2.0476E+007   0.0000E+000   0.0000E+000
      8360   8.3600E+001   2.1437E+007   0.0000E+000   0.0000E+000
      8380   8.3800E+001   2.2442E+007   0.0000E+000   0.0000E+000
      8400   8.4000E+001   2.3495E+007   0.0000E+000   0.0000E+000
      8420   8.4200E+001   2.4597E+007   0.0000E+000   0.0000E+000
      8440   8.4400E+001   2.5750E+007   0.0000E+000   0.0000E+000
      8460   8.4600E+001   2.6958E+007   0.0000E+000   0.0000E+000
      8480   8.4800E+001   2.8222E+007   0.0000E+000   0.0000E+000
      8500   8.5000E+001   2.9546E+007   0.0000E+000   0.0000E+000
      8520   8.5200E+001   3.0932E+007   0.0000E+000   0.0000E+000
      8540   8.5400E+001   3.2382E+007   0.0000E+000   0.0000E+000
      8560   8.5600E+001   3.3901E+007   0.0000E+000   0.0000E+000
      8580   8.5800E+001   3.5491E+007   0.0000E+000   0.0000E+000
      8600   8.6000E+001   3.7155E+007   0.0000E+000   0.0000E+000
      8620   8.6200E+001   3.8897E+007   0.0000E+000   0.0000E+000
      8640   8.6400E+001   4.0721E+007   0.0000E+000   0.0000E+000
      8660   8.6600E+001   4.2631E+007   0.0000E+000   0.0000E+000
      8680   8.6800E+001   4.4630E+007   0.0000E+000   0.0000E+000
      8700   8.7000E+001   4.6723E+007   0.0000E+000   0.0000E+000
      8720   8.7200E+001   4.8913E+007   0.0000E+000   0.0000E+000
      8740   8.7400E+001   5.1207E+007   0.0000E+000   0.0000E+000
      8760   8.7600E+001   5.3608E+007   0.0000E+000   0.0000E+000
      8780   8.7800E+001   5.6122E+007   0.0000E+000   0.0000E+000
      8800   8.8000E+001   5.8753E+007   0.0000E+000   0.0000E+000
      8820   8.8200E+001   6.1508E+007   0.0000E+000   0.0000E+000
      8840   8.8400E+001   6.4392E+007   0.0000E+000   0.0000E+000
      8860   8.8600E+001   6.7411E+007   0.0000E+000   0.0000E+000
      8880   8.8800E+001   7.0571E+007   0.0000E+000   0.0000E+000
      8900   8.9000E+001   7.3880E+007   0.0000E+000   0.0000E+000
      8920   8.9200E+001   7.7344E+007   0.0000E+000   0.0000E+000
      8940   8.9400E+001   8.0970E+007   0.0000E+000   0.0000E+000
      8960   8.9600E+001   8.4766E+007   0.0000E+000   0.0000E+000
      8980   8.9800E+001   8.8741E+007   0.0000E+000   0.0000E+000
      9000   9.0000E+001   9.2901E+007   0.0000E+000   0.0000E+000
      9020   9.0200E+001   9.7257E+007   0.0000E+000   0.0000E+000
      9040   9.0400E+001   1.0182E+008   0.0000E+000   0.0000E+000
      9060   9.0600E+001   1.0659E+008   0.0000E+000   0.0000E+000
      9080   9.0800E+001   1.1159E+008   0.0000E+000   0.0000E+000
      9100   9.1000E+001   1.1682E+008   0.0000E+000   0.0000E+000
      9120   9.1200E+001   1.2230E+008   0.0000E+000   0.0000E+000
      9140   9.1400E+001   1.2803E+008   0.0000E+000   0.0000E+000
      9160   9.1600E+001   1.3403E+008   0.0000E+000   0.0000E+000
      9180   9.1800E+001   1.4032E+008   0.0000E+000   0.0000E+000
      9200   9.2000E+001   1.4689E+008   0.0000E+000   0.0000E+000
      9220   9.2200E+001   1.5378E+008   0.0000E+000   0.0000E+000
      9240   9.2400E+001   1.6099E+008   0.0000E+000   0.0000E+000
      9260   9.2600E+001   1.6854E+008   0.0000E+000   0.0000E+000
      9280   9.2800E+001   1.7644E+008   0.0000E+000   0.0000E+000
      9300   9.3000E+001   1.8471E+008   0.0000E+000   0.0000E+000
      9320   9.3200E+001   1.9337E+008   0.0000E+000   0.0000E+000
      9340   9.3400E+001   2.0244E+008   0.0000E+000   0.0000E+000
      9360   9.3600E+001   2.1193E+008   0.0000E+000   0.0000E+000
      9380   9.3800E+001   2.2186E+008   0.0000E+000   0.0000E+000
      9400   9.4000E+001   2.3227E+008   0.0000E+000   0.0000E+000
      9420   9.4200E+001   2.4316E+008   0.0000E+000   0.0000E+000
      9440   9.4400E+001   2.5456E+008   0.0000E+000   0.0000E+000
      9460   9.4600E+001   2.6649E+008   0.0000E+000   0.0000E+000
      9480   9.4800E+001   2.7898E+008   0.0000E+000   0.0000E+000
      9500   9.5000E+001   2.9206E+008   0.0000E+000   0.0000E+000
      9520   9.5200E+001   3.0576E+008   0.0000E+000   0.0000E+000
      9540   9.5400E+001   3.2009E+008   0.0000E+000   0.0000E+000
      9560   9.5600E+001   3.3510E+008   0.0000E+000   0.0000E+000
      9580   9.5800E+001   3.5081E+008   0.0000E+000   0.0000E+000
      9600   9.6000E+001   3.6726E+008   0.0000E+000   0.0000E+000
      9620   9.6200E+001   3.8448E+008   0.0000E+000   0.0000E+000
      9640   9.6400E+001   4.0251E+008   0.0000E+000   0.0000E+000
      9660   9.6600E+001   4.2138E+008   0.0000E+000   0.0000E+000
      9680   9.6800E+001   4.4114E+008   0.0000E+000   0.0000E+000
      9700   9.7000E+001   4.6182E+008   0.0000E+000   0.0000E+000
      9720   9.7200E+001   4.8347E+008   0.0000E+000   0.0000E+000
      9740   9.7400E+001   5.0614E+008   0.0000E+000   0.0000E+000
      9760   9.7600E+001   5.2987E+008   0.0000E+000   0.0000E+000
      9780   9.7800E+001   5.5472E+008   0.0000E+000   0.0000E+000
      9800   9.8000E+001   5.8073E+008   0.0000E+000   0.0000E+000
      9820   9.8200E+001   6.0796E+008   0.0000E+000   0.0000E+000
      9840   9.8400E+001   6.3647E+008   0.0000E+000   0.0000E+000
      9860   9.8600E+001   6.6631E+008   0.0000E+000   0.0000E+000
      9880   9.8800E+001   6.9755E+008   0.0000E+000   0.0000E+000
      9900   9.9000E+001   7.3026E+008   0.0000E+000   0.0000E+000
      9920   9.9200E+001   7.6451E+008   0.0000E+000   0.0000E+000
      9940   9.9400E+001   8.0035E+008   0.0000E+000   0.0000E+000
      9960   9.9600E+001   8.3788E+008   0.0000E+000   0.0000E+000
      9980   9.9800E+001   8.7717E+008   0.0000E+000   0.0000E+000
     10000   1.0000E+002   9.1830E+008   0.0000E+000   0.0000E+000
     10020   1.0020E+002   9.6137E+008   0.0000E+000   0.0000E+000
     10040   1.0040E+002   1.0064E+009   0.0000E+000   0.0000E+000
     10060   1.0060E+002   1.0536E+009   0.0000E+000   0.0000E+000
     10080   1.0080E+002   1.1031E+009   0.0000E+000   0.0000E+000
     10100   1.0100E+002   1.1548E+009   0.0000E+000   0.0000E+000
     10120   1.0120E+002   1.2089E+009   0.0000E+000   0.0000E+000
     10140   1.0140E+002   1.2656E+009   0.0000E+000   0.0000E+000
     10160   1.0160E+002   1.3250E+009   0.0000E+000   0.0000E+000
